1594096851591	mozrunner::runner	INFO	Running command: "/Applications/Firefox.app/Contents/MacOS/firefox-bin" "-marionette" "-foreground" "-no-remote" "-profile" "/var/folders/2f/w_dhff4n31xd0mkxbd3dtmt40000gn/T/rust_mozprofilecANhh7"
1594096853970	Marionette	INFO	Listening on port 62315
1594096854051	Marionette	WARN	TLS certificate errors will be ignored for this session
JavaScript error: https://freerice.com/categories/english-vocabulary, line 20: TypeError: window.clientInformation is undefined
1594096936663	mozrunner::runner	INFO	Running command: "/Applications/Firefox.app/Contents/MacOS/firefox-bin" "-marionette" "-foreground" "-no-remote" "-profile" "/var/folders/2f/w_dhff4n31xd0mkxbd3dtmt40000gn/T/rust_mozprofilecpbUMi"
1594096938627	Marionette	INFO	Listening on port 62418
1594096938643	Marionette	WARN	TLS certificate errors will be ignored for this session
JavaScript error: https://freerice.com/categories/czech, line 20: TypeError: window.clientInformation is undefined
1594096985451	mozrunner::runner	INFO	Running command: "/Applications/Firefox.app/Contents/MacOS/firefox-bin" "-marionette" "-foreground" "-no-remote" "-profile" "/var/folders/2f/w_dhff4n31xd0mkxbd3dtmt40000gn/T/rust_mozprofileWJxPUv"
1594096987533	Marionette	INFO	Listening on port 62511
1594096987634	Marionette	WARN	TLS certificate errors will be ignored for this session
JavaScript error: https://freerice.com/categories/famous-quotations, line 20: TypeError: window.clientInformation is undefined
1594097041412	Marionette	INFO	Stopped listening on port 62315
1594097044809	Marionette	INFO	Stopped listening on port 62418
1594097048503	Marionette	INFO	Stopped listening on port 62511
1595292811267	mozrunner::runner	INFO	Running command: "/Applications/Firefox.app/Contents/MacOS/firefox-bin" "-marionette" "-foreground" "-no-remote" "-profile" "/var/folders/2f/w_dhff4n31xd0mkxbd3dtmt40000gn/T/rust_mozprofileRb4gQU"
1595292814611	Marionette	INFO	Listening on port 49310
1595292814658	Marionette	WARN	TLS certificate errors will be ignored for this session
JavaScript error: https://freerice.com/categories/famous-quotations, line 20: TypeError: window.clientInformation is undefined
1595313031143	Marionette	INFO	Stopped listening on port 49310
